2021-11-25 17:39:47.799  INFO 19944 --- [restartedMain] com.pms.in.ComPmsInApplication           : Starting ComPmsInApplication using Java 17 on LIN51014873 with PID 19944 (C:\Users\UMSINGH\Downloads\sprint_project_pms-main\target\classes started by umsingh in C:\Users\UMSINGH\Downloads\sprint_project_pms-main)
2021-11-25 17:39:47.801  INFO 19944 --- [restartedMain] com.pms.in.ComPmsInApplication           : No active profile set, falling back to default profiles: default
2021-11-25 17:39:47.917  INFO 19944 --- [restartedMain] .e.DevToolsPropertyDefaultsPostProcessor : Devtools property defaults active! Set 'spring.devtools.add-properties' to 'false' to disable
2021-11-25 17:39:47.919  INFO 19944 --- [restartedMain] .e.DevToolsPropertyDefaultsPostProcessor : For additional web related logging consider setting the 'logging.level.web' property to 'DEBUG'
2021-11-25 17:39:49.689  INFO 19944 --- [restartedMain] .s.d.r.c.RepositoryConfigurationDelegate : Bootstrapping Spring Data JPA repositories in DEFAULT mode.
2021-11-25 17:39:49.853  INFO 19944 --- [restartedMain] .s.d.r.c.RepositoryConfigurationDelegate : Finished Spring Data repository scanning in 140 ms. Found 5 JPA repository interfaces.
2021-11-25 17:39:51.285  INFO 19944 --- [restartedMain] o.s.b.w.embedded.tomcat.TomcatWebServer  : Tomcat initialized with port(s): 8082 (http)
2021-11-25 17:39:51.307  INFO 19944 --- [restartedMain] o.apache.catalina.core.StandardService   : Starting service [Tomcat]
2021-11-25 17:39:51.308  INFO 19944 --- [restartedMain] org.apache.catalina.core.StandardEngine  : Starting Servlet engine: [Apache Tomcat/9.0.55]
2021-11-25 17:39:51.524  INFO 19944 --- [restartedMain] o.a.c.c.C.[Tomcat].[localhost].[/]       : Initializing Spring embedded WebApplicationContext
2021-11-25 17:39:51.526  INFO 19944 --- [restartedMain] w.s.c.ServletWebServerApplicationContext : Root WebApplicationContext: initialization completed in 3607 ms
2021-11-25 17:39:51.969  INFO 19944 --- [restartedMain] o.hibernate.jpa.internal.util.LogHelper  : HHH000204: Processing PersistenceUnitInfo [name: default]
2021-11-25 17:39:52.099  INFO 19944 --- [restartedMain] org.hibernate.Version                    : HHH000412: Hibernate ORM core version 5.4.32.Final
2021-11-25 17:39:52.386  INFO 19944 --- [restartedMain] o.hibernate.annotations.common.Version   : HCANN000001: Hibernate Commons Annotations {5.1.2.Final}
2021-11-25 17:39:52.602  INFO 19944 --- [restartedMain] com.zaxxer.hikari.HikariDataSource       : HikariPool-1 - Starting...
2021-11-25 17:39:53.545  INFO 19944 --- [restartedMain] com.zaxxer.hikari.HikariDataSource       : HikariPool-1 - Start completed.
2021-11-25 17:39:53.578  INFO 19944 --- [restartedMain] org.hibernate.dialect.Dialect            : HHH000400: Using dialect: org.hibernate.dialect.PostgreSQLDialect
2021-11-25 17:39:55.609  INFO 19944 --- [restartedMain] o.h.e.t.j.p.i.JtaPlatformInitiator       : HHH000490: Using JtaPlatform implementation: [org.hibernate.engine.transaction.jta.platform.internal.NoJtaPlatform]
2021-11-25 17:39:55.632  INFO 19944 --- [restartedMain] j.LocalContainerEntityManagerFactoryBean : Initialized JPA EntityManagerFactory for persistence unit 'default'
2021-11-25 17:39:56.677  INFO 19944 --- [restartedMain] c.p.i.s.PensionDisbursementService       : MAP_START
2021-11-25 17:39:56.678  INFO 19944 --- [restartedMain] c.p.i.s.PensionDisbursementService       : MAP_END
2021-11-25 17:39:57.292  WARN 19944 --- [restartedMain] JpaBaseConfiguration$JpaWebConfiguration : spring.jpa.open-in-view is enabled by default. Therefore, database queries may be performed during view rendering. Explicitly configure spring.jpa.open-in-view to disable this warning
2021-11-25 17:39:57.689  INFO 19944 --- [restartedMain] pertySourcedRequestMappingHandlerMapping : Mapped URL path [/v2/api-docs] onto method [springfox.documentation.swagger2.web.Swagger2Controller#getDocumentation(String, HttpServletRequest)]
2021-11-25 17:39:58.002  INFO 19944 --- [restartedMain] o.s.b.d.a.OptionalLiveReloadServer       : LiveReload server is running on port 35729
2021-11-25 17:39:58.605  INFO 19944 --- [restartedMain] o.s.b.w.embedded.tomcat.TomcatWebServer  : Tomcat started on port(s): 8082 (http) with context path ''
2021-11-25 17:39:58.607  INFO 19944 --- [restartedMain] d.s.w.p.DocumentationPluginsBootstrapper : Context refreshed
2021-11-25 17:39:58.675  INFO 19944 --- [restartedMain] d.s.w.p.DocumentationPluginsBootstrapper : Found 1 custom documentation plugin(s)
2021-11-25 17:39:58.759  INFO 19944 --- [restartedMain] s.d.s.w.s.ApiListingReferenceScanner     : Scanning for api listing references
2021-11-25 17:39:59.236  INFO 19944 --- [restartedMain] com.pms.in.ComPmsInApplication           : Started ComPmsInApplication in 12.332 seconds (JVM running for 13.604)
2021-11-25 17:39:59.244  INFO 19944 --- [restartedMain] com.pms.in.ComPmsInApplication           : End
2021-11-25 17:44:58.091  INFO 19944 --- [Thread-4] j.LocalContainerEntityManagerFactoryBean : Closing JPA EntityManagerFactory for persistence unit 'default'
2021-11-25 17:44:58.096  INFO 19944 --- [Thread-4] com.zaxxer.hikari.HikariDataSource       : HikariPool-1 - Shutdown initiated...
2021-11-25 17:44:58.122  INFO 19944 --- [Thread-4] com.zaxxer.hikari.HikariDataSource       : HikariPool-1 - Shutdown completed.
2021-11-25 17:44:58.224  INFO 19944 --- [restartedMain] com.pms.in.ComPmsInApplication           : START
2021-11-25 17:44:58.337  INFO 19944 --- [restartedMain] com.pms.in.ComPmsInApplication           : Starting ComPmsInApplication using Java 17 on LIN51014873 with PID 19944 (C:\Users\UMSINGH\Downloads\sprint_project_pms-main\target\classes started by umsingh in C:\Users\UMSINGH\Downloads\sprint_project_pms-main)
2021-11-25 17:44:58.338  INFO 19944 --- [restartedMain] com.pms.in.ComPmsInApplication           : No active profile set, falling back to default profiles: default
2021-11-25 17:44:59.055  INFO 19944 --- [restartedMain] .s.d.r.c.RepositoryConfigurationDelegate : Bootstrapping Spring Data JPA repositories in DEFAULT mode.
2021-11-25 17:44:59.103  INFO 19944 --- [restartedMain] .s.d.r.c.RepositoryConfigurationDelegate : Finished Spring Data repository scanning in 47 ms. Found 5 JPA repository interfaces.
2021-11-25 17:44:59.316  INFO 19944 --- [restartedMain] o.s.b.w.embedded.tomcat.TomcatWebServer  : Tomcat initialized with port(s): 8082 (http)
2021-11-25 17:44:59.318  INFO 19944 --- [restartedMain] o.apache.catalina.core.StandardService   : Starting service [Tomcat]
2021-11-25 17:44:59.318  INFO 19944 --- [restartedMain] org.apache.catalina.core.StandardEngine  : Starting Servlet engine: [Apache Tomcat/9.0.55]
2021-11-25 17:44:59.377  INFO 19944 --- [restartedMain] o.a.c.c.C.[Tomcat].[localhost].[/]       : Initializing Spring embedded WebApplicationContext
2021-11-25 17:44:59.378  INFO 19944 --- [restartedMain] w.s.c.ServletWebServerApplicationContext : Root WebApplicationContext: initialization completed in 1028 ms
2021-11-25 17:44:59.460  INFO 19944 --- [restartedMain] o.hibernate.jpa.internal.util.LogHelper  : HHH000204: Processing PersistenceUnitInfo [name: default]
2021-11-25 17:44:59.470  INFO 19944 --- [restartedMain] com.zaxxer.hikari.HikariDataSource       : HikariPool-2 - Starting...
2021-11-25 17:44:59.770  INFO 19944 --- [restartedMain] com.zaxxer.hikari.HikariDataSource       : HikariPool-2 - Start completed.
2021-11-25 17:44:59.771  INFO 19944 --- [restartedMain] org.hibernate.dialect.Dialect            : HHH000400: Using dialect: org.hibernate.dialect.PostgreSQLDialect
2021-11-25 17:45:00.698  INFO 19944 --- [restartedMain] o.h.e.t.j.p.i.JtaPlatformInitiator       : HHH000490: Using JtaPlatform implementation: [org.hibernate.engine.transaction.jta.platform.internal.NoJtaPlatform]
2021-11-25 17:45:00.698  INFO 19944 --- [restartedMain] j.LocalContainerEntityManagerFactoryBean : Initialized JPA EntityManagerFactory for persistence unit 'default'
2021-11-25 17:45:00.984  INFO 19944 --- [restartedMain] c.p.i.s.PensionDisbursementService       : MAP_START
2021-11-25 17:45:00.985  INFO 19944 --- [restartedMain] c.p.i.s.PensionDisbursementService       : MAP_END
2021-11-25 17:45:01.120  WARN 19944 --- [restartedMain] JpaBaseConfiguration$JpaWebConfiguration : spring.jpa.open-in-view is enabled by default. Therefore, database queries may be performed during view rendering. Explicitly configure spring.jpa.open-in-view to disable this warning
2021-11-25 17:45:01.200  INFO 19944 --- [restartedMain] pertySourcedRequestMappingHandlerMapping : Mapped URL path [/v2/api-docs] onto method [springfox.documentation.swagger2.web.Swagger2Controller#getDocumentation(String, HttpServletRequest)]
2021-11-25 17:45:01.294  INFO 19944 --- [restartedMain] o.s.b.d.a.OptionalLiveReloadServer       : LiveReload server is running on port 35729
2021-11-25 17:45:01.454  INFO 19944 --- [restartedMain] o.s.b.w.embedded.tomcat.TomcatWebServer  : Tomcat started on port(s): 8082 (http) with context path ''
2021-11-25 17:45:01.457  INFO 19944 --- [restartedMain] d.s.w.p.DocumentationPluginsBootstrapper : Context refreshed
2021-11-25 17:45:01.465  INFO 19944 --- [restartedMain] d.s.w.p.DocumentationPluginsBootstrapper : Found 1 custom documentation plugin(s)
2021-11-25 17:45:01.488  INFO 19944 --- [restartedMain] s.d.s.w.s.ApiListingReferenceScanner     : Scanning for api listing references
2021-11-25 17:45:01.717  INFO 19944 --- [restartedMain] com.pms.in.ComPmsInApplication           : Started ComPmsInApplication in 3.479 seconds (JVM running for 316.09)
2021-11-25 17:45:01.722  INFO 19944 --- [restartedMain] .ConditionEvaluationDeltaLoggingListener : Condition evaluation unchanged
2021-11-25 17:45:01.724  INFO 19944 --- [restartedMain] com.pms.in.ComPmsInApplication           : END
2021-11-25 18:33:40.083  INFO 8020 --- [restartedMain] com.pms.in.ComPmsInApplication           : Starting ComPmsInApplication using Java 17 on LIN51014873 with PID 8020 (C:\Users\UMSINGH\Downloads\sprint_project_pms-main\target\classes started by umsingh in C:\Users\UMSINGH\Downloads\sprint_project_pms-main)
2021-11-25 18:33:40.087  INFO 8020 --- [restartedMain] com.pms.in.ComPmsInApplication           : No active profile set, falling back to default profiles: default
2021-11-25 18:33:40.185  INFO 8020 --- [restartedMain] .e.DevToolsPropertyDefaultsPostProcessor : Devtools property defaults active! Set 'spring.devtools.add-properties' to 'false' to disable
2021-11-25 18:33:40.186  INFO 8020 --- [restartedMain] .e.DevToolsPropertyDefaultsPostProcessor : For additional web related logging consider setting the 'logging.level.web' property to 'DEBUG'
2021-11-25 18:33:41.948  INFO 8020 --- [restartedMain] .s.d.r.c.RepositoryConfigurationDelegate : Bootstrapping Spring Data JPA repositories in DEFAULT mode.
2021-11-25 18:33:42.084  INFO 8020 --- [restartedMain] .s.d.r.c.RepositoryConfigurationDelegate : Finished Spring Data repository scanning in 114 ms. Found 4 JPA repository interfaces.
2021-11-25 18:33:43.783  INFO 8020 --- [restartedMain] o.s.b.w.embedded.tomcat.TomcatWebServer  : Tomcat initialized with port(s): 8082 (http)
2021-11-25 18:33:43.809  INFO 8020 --- [restartedMain] o.apache.catalina.core.StandardService   : Starting service [Tomcat]
2021-11-25 18:33:43.811  INFO 8020 --- [restartedMain] org.apache.catalina.core.StandardEngine  : Starting Servlet engine: [Apache Tomcat/9.0.55]
2021-11-25 18:33:44.105  INFO 8020 --- [restartedMain] o.a.c.c.C.[Tomcat].[localhost].[/]       : Initializing Spring embedded WebApplicationContext
2021-11-25 18:33:44.106  INFO 8020 --- [restartedMain] w.s.c.ServletWebServerApplicationContext : Root WebApplicationContext: initialization completed in 3919 ms
2021-11-25 18:33:44.622  INFO 8020 --- [restartedMain] o.hibernate.jpa.internal.util.LogHelper  : HHH000204: Processing PersistenceUnitInfo [name: default]
2021-11-25 18:33:44.765  INFO 8020 --- [restartedMain] org.hibernate.Version                    : HHH000412: Hibernate ORM core version 5.4.32.Final
2021-11-25 18:33:45.130  INFO 8020 --- [restartedMain] o.hibernate.annotations.common.Version   : HCANN000001: Hibernate Commons Annotations {5.1.2.Final}
2021-11-25 18:33:45.386  INFO 8020 --- [restartedMain] com.zaxxer.hikari.HikariDataSource       : HikariPool-1 - Starting...
2021-11-25 18:33:46.001  INFO 8020 --- [restartedMain] com.zaxxer.hikari.HikariDataSource       : HikariPool-1 - Start completed.
2021-11-25 18:33:46.037  INFO 8020 --- [restartedMain] org.hibernate.dialect.Dialect            : HHH000400: Using dialect: org.hibernate.dialect.PostgreSQLDialect
2021-11-25 18:33:47.940  INFO 8020 --- [restartedMain] o.h.e.t.j.p.i.JtaPlatformInitiator       : HHH000490: Using JtaPlatform implementation: [org.hibernate.engine.transaction.jta.platform.internal.NoJtaPlatform]
2021-11-25 18:33:47.954  INFO 8020 --- [restartedMain] j.LocalContainerEntityManagerFactoryBean : Initialized JPA EntityManagerFactory for persistence unit 'default'
2021-11-25 18:33:48.834  INFO 8020 --- [restartedMain] c.p.i.s.PensionDisbursementService       : ServicecreateMap
2021-11-25 18:33:49.313  WARN 8020 --- [restartedMain] JpaBaseConfiguration$JpaWebConfiguration : spring.jpa.open-in-view is enabled by default. Therefore, database queries may be performed during view rendering. Explicitly configure spring.jpa.open-in-view to disable this warning
2021-11-25 18:33:49.635  INFO 8020 --- [restartedMain] pertySourcedRequestMappingHandlerMapping : Mapped URL path [/v2/api-docs] onto method [springfox.documentation.swagger2.web.Swagger2Controller#getDocumentation(String, HttpServletRequest)]
2021-11-25 18:33:49.909  INFO 8020 --- [restartedMain] o.s.b.d.a.OptionalLiveReloadServer       : LiveReload server is running on port 35729
2021-11-25 18:33:50.263  INFO 8020 --- [restartedMain] o.s.b.w.embedded.tomcat.TomcatWebServer  : Tomcat started on port(s): 8082 (http) with context path ''
2021-11-25 18:33:50.265  INFO 8020 --- [restartedMain] d.s.w.p.DocumentationPluginsBootstrapper : Context refreshed
2021-11-25 18:33:50.305  INFO 8020 --- [restartedMain] d.s.w.p.DocumentationPluginsBootstrapper : Found 1 custom documentation plugin(s)
2021-11-25 18:33:50.352  INFO 8020 --- [restartedMain] s.d.s.w.s.ApiListingReferenceScanner     : Scanning for api listing references
2021-11-25 18:33:50.848  INFO 8020 --- [restartedMain] com.pms.in.ComPmsInApplication           : Started ComPmsInApplication in 11.602 seconds (JVM running for 13.144)
2021-11-25 18:33:50.856  INFO 8020 --- [restartedMain] com.pms.in.ComPmsInApplication           : END
